[04-Oct-2024 04:31:11 UTC] PHP Notice:  Undefined index: date_active in /Applications/MAMP/htdocs/crthemes/wp-content/plugins/crt-manage-code/inc/class-crt-manage-code-custom-wp-list.php on line 26
[04-Oct-2024 04:31:11 UTC] PHP Notice:  Undefined index: date_active in /Applications/MAMP/htdocs/crthemes/wp-content/plugins/crt-manage-code/inc/class-crt-manage-code-custom-wp-list.php on line 26
[04-Oct-2024 04:31:11 UTC] PHP Notice:  Undefined index: date_active in /Applications/MAMP/htdocs/crthemes/wp-content/plugins/crt-manage-code/inc/class-crt-manage-code-custom-wp-list.php on line 26
[04-Oct-2024 04:31:11 UTC] PHP Notice:  Undefined index: date_active in /Applications/MAMP/htdocs/crthemes/wp-content/plugins/crt-manage-code/inc/class-crt-manage-code-custom-wp-list.php on line 26
[04-Oct-2024 04:45:22 UTC] PHP Notice:  Undefined index: date_active in /Applications/MAMP/htdocs/crthemes/wp-content/plugins/crt-manage-code/inc/class-crt-manage-code-custom-wp-list.php on line 26
[04-Oct-2024 04:45:22 UTC] PHP Notice:  Undefined index: date_active in /Applications/MAMP/htdocs/crthemes/wp-content/plugins/crt-manage-code/inc/class-crt-manage-code-custom-wp-list.php on line 26
[04-Oct-2024 04:45:22 UTC] PHP Notice:  Undefined index: date_active in /Applications/MAMP/htdocs/crthemes/wp-content/plugins/crt-manage-code/inc/class-crt-manage-code-custom-wp-list.php on line 26
[04-Oct-2024 04:45:22 UTC] PHP Notice:  Undefined index: date_active in /Applications/MAMP/htdocs/crthemes/wp-content/plugins/crt-manage-code/inc/class-crt-manage-code-custom-wp-list.php on line 26
[04-Oct-2024 04:46:19 UTC] PHP Notice:  Undefined index: date_active in /Applications/MAMP/htdocs/crthemes/wp-content/plugins/crt-manage-code/inc/class-crt-manage-code-custom-wp-list.php on line 54
[04-Oct-2024 04:46:19 UTC] PHP Notice:  Undefined index: date_active in /Applications/MAMP/htdocs/crthemes/wp-content/plugins/crt-manage-code/inc/class-crt-manage-code-custom-wp-list.php on line 54
[04-Oct-2024 04:46:19 UTC] PHP Notice:  Undefined index: date_active in /Applications/MAMP/htdocs/crthemes/wp-content/plugins/crt-manage-code/inc/class-crt-manage-code-custom-wp-list.php on line 54
[04-Oct-2024 04:46:19 UTC] PHP Notice:  Undefined index: date_active in /Applications/MAMP/htdocs/crthemes/wp-content/plugins/crt-manage-code/inc/class-crt-manage-code-custom-wp-list.php on line 54
[04-Oct-2024 04:46:21 UTC] Automatic updates starting...
[04-Oct-2024 04:46:21 UTC]   Automatic plugin updates starting...
[04-Oct-2024 04:46:21 UTC]   Automatic plugin updates complete.
[04-Oct-2024 04:46:23 UTC]   Automatic theme updates starting...
[04-Oct-2024 04:46:23 UTC]   Automatic theme updates complete.
[04-Oct-2024 04:46:23 UTC] Automatic updates complete.
[05-Oct-2024 01:31:34 UTC] Automatic updates starting...
[05-Oct-2024 01:31:35 UTC]   Automatic plugin updates starting...
[05-Oct-2024 01:31:35 UTC]   Automatic plugin updates complete.
[05-Oct-2024 01:31:36 UTC]   Automatic theme updates starting...
[05-Oct-2024 01:31:36 UTC]   Automatic theme updates complete.
[05-Oct-2024 01:31:36 UTC] Automatic updates complete.
[05-Oct-2024 09:44:20 UTC] Automatic updates starting...
[05-Oct-2024 09:44:22 UTC]   Automatic plugin updates starting...
[05-Oct-2024 09:44:22 UTC]   Automatic plugin updates complete.
[05-Oct-2024 09:44:24 UTC]   Automatic theme updates starting...
[05-Oct-2024 09:44:24 UTC]   Automatic theme updates complete.
[05-Oct-2024 09:44:24 UTC] Automatic updates complete.
[05-Oct-2024 19:58:16 UTC] Automatic updates starting...
[05-Oct-2024 20:08:07 UTC] PHP Warning:  wp_update_plugins(): An unexpected error occurred. Something may be wrong with WordPress.org or this server&#8217;s configuration. If you continue to have problems, please try the <a href="https://wordpress.org/support/forums/">support forums</a>. (WordPress could not establish a secure connection to WordPress.org. Please contact your server administrator.) in /Applications/MAMP/htdocs/crthemes/wp-includes/functions.php on line 6085
[05-Oct-2024 20:08:07 UTC]   Automatic plugin updates starting...
[05-Oct-2024 20:08:07 UTC]   Automatic plugin updates complete.
[05-Oct-2024 20:08:07 UTC]   Automatic theme updates starting...
[05-Oct-2024 20:08:07 UTC]   Automatic theme updates complete.
[05-Oct-2024 20:08:07 UTC] Automatic updates complete.
[06-Oct-2024 08:54:04 UTC] PHP Warning:  wp_version_check(): An unexpected error occurred. Something may be wrong with WordPress.org or this server&#8217;s configuration. If you continue to have problems, please try the <a href="https://wordpress.org/support/forums/">support forums</a>. (WordPress could not establish a secure connection to WordPress.org. Please contact your server administrator.) in /Applications/MAMP/htdocs/crthemes/wp-includes/functions.php on line 6085
[06-Oct-2024 08:54:04 UTC] PHP Warning:  wp_update_plugins(): An unexpected error occurred. Something may be wrong with WordPress.org or this server&#8217;s configuration. If you continue to have problems, please try the <a href="https://wordpress.org/support/forums/">support forums</a>. (WordPress could not establish a secure connection to WordPress.org. Please contact your server administrator.) in /Applications/MAMP/htdocs/crthemes/wp-includes/functions.php on line 6085
[06-Oct-2024 08:54:04 UTC] PHP Warning:  wp_update_themes(): An unexpected error occurred. Something may be wrong with WordPress.org or this server&#8217;s configuration. If you continue to have problems, please try the <a href="https://wordpress.org/support/forums/">support forums</a>. (WordPress could not establish a secure connection to WordPress.org. Please contact your server administrator.) in /Applications/MAMP/htdocs/crthemes/wp-includes/functions.php on line 6085
[07-Oct-2024 02:50:54 UTC] Automatic updates starting...
[07-Oct-2024 02:50:55 UTC]   Automatic plugin updates starting...
[07-Oct-2024 02:50:55 UTC]   Automatic plugin updates complete.
[07-Oct-2024 02:50:57 UTC]   Automatic theme updates starting...
[07-Oct-2024 02:50:57 UTC]   Automatic theme updates complete.
[07-Oct-2024 02:50:57 UTC] Automatic updates complete.
