2024-08-07T15:42:10+00:00 ERROR Empty response in data feed
2024-08-07T17:40:16+00:00 ERROR Error getting data feed
2024-08-07T17:40:16+00:00 ERROR WP_Error Object
(
    [errors] => Array
        (
            [http_request_failed] => Array
                (
                    [0] => cURL error 28: Operation timed out after 5001 milliseconds with 0 bytes received
                )

        )

    [error_data] => Array
        (
        )

    [additional_data:protected] => Array
        (
        )

)
2024-08-07T17:51:24+00:00 ERROR Error getting data feed
2024-08-07T17:51:24+00:00 ERROR WP_Error Object
(
    [errors] => Array
        (
            [http_request_failed] => Array
                (
                    [0] => cURL error 28: Operation timed out after 5001 milliseconds with 0 bytes received
                )

        )

    [error_data] => Array
        (
        )

    [additional_data:protected] => Array
        (
        )

)
2024-08-07T18:45:50+00:00 ERROR Empty response in data feed
